AX51 MACRO ASSEMBLER  ZW_APP_VERSION                                                        11/21/21 08:17:26 PAGE     1


MACRO ASSEMBLER AX51 V3.13.0.0
OBJECT MODULE PLACED IN .\build_prj\SwitchOnOff_slave_enhanced_232_OTA_ZW050x_TI_Rels\ZW_app_version.obj
ASSEMBLER INVOKED BY: C:\Keil_v5\C51\BIN\AX51.EXE ..\..\Z-WAVE\IO_DEFINES\ZW_APP_VERSION.A51 INCDIR(..\..\Z-WAVE\INCLUDE
                      ;..\..\Z-WAVE\IO_DEFINES;.\BUILD_PRJ;.\BUILD_PRJ\SWITCHONOFF_SLAVE_ENHANCED_232_OTA_ZW050X_TI_RELS
                      ;.\BUILD_PRJ\SWITCHONOFF_SLAVE_ENHANCED_232_OTA_ZW050X_TI;C:\KEIL_V5\C51\INC;..\APPLICATIONUTILITI
                      ES;..\APPLICATIONCOMMANDHANDLERS;..\..\ZLIB\CMDCLASS;..\..\ZLIB\DEVTYPES;..\..\ZLIB\HANDLER) DF(BO
                      OTLOADER_ENABLED,US,ZW_SLAVE,ZW_SLAVE_32,ZW_SLAVE_ENHANCED_232,ZW_SLAVE_ROUTING,ZW050x,ZW0501,NEW_
                      NODEINFO,ZW_SELF_HEAL,BANKING,ZW_LIBRARY=slave_enhanced_232) SET(LARGE) DEBUG PRINT(.\build_prj\Sw
                      itchOnOff_slave_enhanced_232_OTA_ZW050x_TI_list\ZW_app_version.lst) OBJECT(.\build_prj\SwitchOnOff
                      _slave_enhanced_232_OTA_ZW050x_TI_Rels\ZW_app_version.obj) EP

LOC    OBJ             LINE     SOURCE

                          1     ;#***************************************************************************
                          2     ;#
                          3     ;# Copyright (c) 2001-2013
                          4     ;# Sigma Designs, Inc.
                          5     ;# All Rights Reserved
                          6     ;#
                          7     ;#---------------------------------------------------------------------------
                          8     ;*
                          9     ;* Description: Makes the version for the application accessible from the
                         10     ;*              library file during linking.
                         11     ;*              Generates no code. Only public symbols in the obj file.
                         12     ;*
                         13     ;* Author:   Erik Friis Harck
                         14     ;*
                         15     ;* Last Changed By:  $Author: efh $
                         16     ;* Revision:         $Revision: 9763 $
                         17     ;* Last Changed:     $Date: 2008-01-10 11:28:42 +0100 (Thu, 10 Jan 2008) $
                         18     ;*
                         19     ;****************************************************************************
                         20     
                         21     ;#include "app_version.h"
                    +1   22     
                    +1   23     
                    +1   24     
                    +1   25     
                    +1   26     
                    +1   27     
                    +1   28     
                    +1   29     
                    +1   30     ;#include "zaf_version.h"
                    +2   31     
                    +2   32     
                    +2   33     
                    +2   34     
                    +2   35     
                    +2   36     
                    +2   37     
                    +2   38     
                    +1   39     
                    +1   40     
                    +1   41     
                    +1   42     
                    +1   43     
                    +1   44     
                    +1   45     
                    +1   46     
                         47     
                         48     
                         49     ; Make APP_VERSION and APP_REVISION public, so that Z-Wave protocol code can access it.
                         50     ; Use it from C-code like this:
                         51     ; extern unsigned char _APP_VERSION_;
AX51 MACRO ASSEMBLER  ZW_APP_VERSION                                                        11/21/21 08:17:26 PAGE     2

                         52     ; WORD_variable = (WORD)&_APP_VERSION_);
                         53     
                         54     PUBLIC  _APP_VERSION_MAJOR_
                         55     PUBLIC  _APP_VERSION_MINOR_
                         56     PUBLIC  _APP_VERSION_
                         57     
 0004                    58     _APP_VERSION_MAJOR_     EQU     4
 0005                    59     _APP_VERSION_MINOR_     EQU     5
 0405                    60     _APP_VERSION_           EQU     (4 << 8) | 5
                         61     
                         62             END
AX51 MACRO ASSEMBLER  ZW_APP_VERSION                                                        11/21/21 08:17:26 PAGE     3

SYMBOL TABLE LISTING
------ ----- -------


N A M E              T Y P E  V A L U E     ATTRIBUTES

_APP_VERSION_ . . .  N  NUMB  0405H     A   
_APP_VERSION_MAJOR_  N  NUMB  0004H     A   
_APP_VERSION_MINOR_  N  NUMB  0005H     A   


REGISTER BANK(S) USED: 0 


ASSEMBLY COMPLETE.  0 WARNING(S), 0 ERROR(S).
