AX51 MACRO ASSEMBLER  ZW_APP_VERSION                                                        12/14/21 16:17:35 PAGE     1


MACRO ASSEMBLER AX51 V3.13.0.0
OBJECT MODULE PLACED IN .\build\serialapi_slave_enhanced_232_OTW_ZW050x_Rels\ZW_app_version.obj
ASSEMBLER INVOKED BY: C:\Keil_v5\C51\bin\AX51.exe E:\SDK\Z-WAVE\IO_DEFINES\ZW_APP_VERSION.A51 DF(BOOTLOADER_ENABLED,US,Z
                      W_SLAVE,ZW_SLAVE_32,ZW_SLAVE_ENHANCED_232,ZW_SLAVE_ROUTING,ZW050x,ZW0501,NEW_NODEINFO,ZW_SELF_HEAL
                      ,BANKING) INCDIR(C:\Keil_v5\C51\inc;E:\SDK\Z-Wave\include;.\build\serialapi_slave_enhanced_232_OTW
                      _ZW050x\Rels;..\ApplicationUtilities) NOREGISTERBANK XREF OJ(.\build\serialapi_slave_enhanced_232_
                      OTW_ZW050x_Rels\ZW_app_version.obj) PR(.\build\serialapi_slave_enhanced_232_OTW_ZW050x_list\ZW_app_version.lst) 

LOC    OBJ             LINE     SOURCE

                          1     ;#***************************************************************************
                          2     ;#
                          3     ;# Copyright (c) 2001-2013
                          4     ;# Sigma Designs, Inc.
                          5     ;# All Rights Reserved
                          6     ;#
                          7     ;#---------------------------------------------------------------------------
                          8     ;*
                          9     ;* Description: Makes the version for the application accessible from the
                         10     ;*              library file during linking.
                         11     ;*              Generates no code. Only public symbols in the obj file.
                         12     ;*
                         13     ;* Author:   Erik Friis Harck
                         14     ;*
                         15     ;* Last Changed By:  $Author: efh $
                         16     ;* Revision:         $Revision: 9763 $
                         17     ;* Last Changed:     $Date: 2008-01-10 11:28:42 +0100 (Thu, 10 Jan 2008) $
                         18     ;*
                         19     ;****************************************************************************
                         20     
                         21     ;#include "app_version.h"
                    +1   22     
                    +1   23     
                    +1   24     
                    +1   25     
                    +1   26     
                    +1   27     
                    +1   28     
                    +1   29     ;#include "config_lib.h"
                    +2   30     
                    +2   31     
                    +2   32     
                    +2   33     
                    +2   34     
                    +2   35     
                    +2   36     
                    +2   37     
                    +2   38     
                    +2   39     
                    +2          
                    +2          
                    +2   42     
                    +2   43     
                    +2   44     
                    +2   45     
                    +2   46     
                    +2   47     
                    +2   48     
                    +2   49     
                    +2   50     
                    +2   51     
                    +2   52     
                    +2   53     
                    +2   54     
AX51 MACRO ASSEMBLER  ZW_APP_VERSION                                                        12/14/21 16:17:35 PAGE     2

                    +2   55     
                    +2   56     
                    +2   57     
                    +2   58     
                    +1   59     
                    +1   60     ;#include "zaf_version.h"
                    +2   61     
                    +2   62     
                    +2   63     
                    +2   64     
                    +2   65     
                    +2   66     
                    +2   67     
                    +2   68     
                    +1   69     
                    +1   70     
                    +1   71     
                    +1   72     
                    +1   73     
                    +1   74     
                         75     
                         76     
                         77     ; Make APP_VERSION and APP_REVISION public, so that Z-Wave protocol code can access it.
                         78     ; Use it from C-code like this:
                         79     ; extern unsigned char _APP_VERSION_;
                         80     ; WORD_variable = (WORD)&_APP_VERSION_);
                         81     
                         82     PUBLIC  _APP_VERSION_MAJOR_
                         83     PUBLIC  _APP_VERSION_MINOR_
                         84     PUBLIC  _APP_VERSION_
                         85     
 0006                    86     _APP_VERSION_MAJOR_     EQU     6
 000A                    87     _APP_VERSION_MINOR_     EQU     10
 060A                    88     _APP_VERSION_           EQU     (6 << 8) | 10
                         89     
                         90             END
AX51 MACRO ASSEMBLER  ZW_APP_VERSION                                                        12/14/21 16:17:35 PAGE     3

XREF SYMBOL TABLE LISTING
---- ------ ----- -------


N A M E              T Y P E  V A L U E     ATTRIBUTES / REFERENCES

_APP_VERSION_ . . .  N  NUMB  060AH     A      84 88#
_APP_VERSION_MAJOR_  N  NUMB  0006H     A      82 86#
_APP_VERSION_MINOR_  N  NUMB  000AH     A      83 87#


REGISTER BANK(S) USED: 0 


ASSEMBLY COMPLETE.  0 WARNING(S), 0 ERROR(S).
